<CloneClasses>
    <CloneClass>
    <ID>1</ID>
        <Clone>
            <Fragment>
                <File>stackoverflow_formatted/10870277_0.java</File>
                <Start>20</Start>
                <End>28</End>
            </Fragment>
        </Clone>
        <Clone>
            <Fragment>
                <File>junit-4/junit/extensions/ActiveTestSuite.java</File>
                <Start>39</Start>
                <End>47</End>
            </Fragment>
        </Clone>
        <Clone>
            <Fragment>
                <File>stackoverflow_formatted/8910943_0.java</File>
                <Start>153</Start>
                <End>160</End>
            </Fragment>
        </Clone>
        <Clone>
            <Fragment>
                <File>stackoverflow_formatted/8752708_0.java</File>
                <Start>6</Start>
                <End>14</End>
            </Fragment>
        </Clone>
        <Clone>
            <Fragment>
                <File>stackoverflow_formatted/13041025_0.java</File>
                <Start>23</Start>
                <End>31</End>
            </Fragment>
        </Clone>
        <Clone>
            <Fragment>
                <File>stackoverflow_formatted/7971540_0.java</File>
                <Start>19</Start>
                <End>27</End>
            </Fragment>
        </Clone>
        <Clone>
            <Fragment>
                <File>stackoverflow_formatted/12016064_0.java</File>
                <Start>11</Start>
                <End>19</End>
            </Fragment>
        </Clone>
        <Clone>
            <Fragment>
                <File>stackoverflow_formatted/7791353_0.java</File>
                <Start>2</Start>
                <End>10</End>
            </Fragment>
        </Clone>
        <Clone>
            <Fragment>
                <File>stackoverflow_formatted/14246890_1.java</File>
                <Start>3</Start>
                <End>12</End>
            </Fragment>
        </Clone>
        <Clone>
            <Fragment>
                <File>stackoverflow_formatted/7490096_0.java</File>
                <Start>25</Start>
                <End>33</End>
            </Fragment>
        </Clone>
        <Clone>
            <Fragment>
                <File>stackoverflow_formatted/16873592_0.java</File>
                <Start>129</Start>
                <End>138</End>
            </Fragment>
        </Clone>
        <Clone>
            <Fragment>
                <File>stackoverflow_formatted/7490096_0.java</File>
                <Start>9</Start>
                <End>17</End>
            </Fragment>
        </Clone>
        <Clone>
            <Fragment>
                <File>stackoverflow_formatted/16873592_0.java</File>
                <Start>143</Start>
                <End>152</End>
            </Fragment>
        </Clone>
        <Clone>
            <Fragment>
                <File>stackoverflow_formatted/6586196_1.java</File>
                <Start>117</Start>
                <End>125</End>
            </Fragment>
        </Clone>
        <Clone>
            <Fragment>
                <File>stackoverflow_formatted/16364639_0.java</File>
                <Start>57</Start>
                <End>65</End>
            </Fragment>
        </Clone>
        <Clone>
            <Fragment>
                <File>stackoverflow_formatted/636345_0.java</File>
                <Start>85</Start>
                <End>93</End>
            </Fragment>
        </Clone>
        <Clone>
            <Fragment>
                <File>stackoverflow_formatted/16440404_0.java</File>
                <Start>3</Start>
                <End>10</End>
            </Fragment>
        </Clone>
        <Clone>
            <Fragment>
                <File>stackoverflow_formatted/5761549_0.java</File>
                <Start>8</Start>
                <End>16</End>
            </Fragment>
        </Clone>
        <Clone>
            <Fragment>
                <File>stackoverflow_formatted/1707173_0.java</File>
                <Start>19</Start>
                <End>26</End>
            </Fragment>
        </Clone>
        <Clone>
            <Fragment>
                <File>stackoverflow_formatted/4180613_0.java</File>
                <Start>7</Start>
                <End>14</End>
            </Fragment>
        </Clone>
        <Clone>
            <Fragment>
                <File>stackoverflow_formatted/11412365_0.java</File>
                <Start>40</Start>
                <End>48</End>
            </Fragment>
        </Clone>
        <Clone>
            <Fragment>
                <File>stackoverflow_formatted/11980059_0.java</File>
                <Start>4</Start>
                <End>11</End>
            </Fragment>
        </Clone>
        <Clone>
            <Fragment>
                <File>stackoverflow_formatted/11412365_0.java</File>
                <Start>19</Start>
                <End>27</End>
            </Fragment>
        </Clone>
        <Clone>
            <Fragment>
                <File>stackoverflow_formatted/23529189_0.java</File>
                <Start>5</Start>
                <End>13</End>
            </Fragment>
        </Clone>
        <Clone>
            <Fragment>
                <File>stackoverflow_formatted/12060132_6.java</File>
                <Start>45</Start>
                <End>53</End>
            </Fragment>
        </Clone>
        <Clone>
            <Fragment>
                <File>stackoverflow_formatted/19617123_0.java</File>
                <Start>24</Start>
                <End>32</End>
            </Fragment>
        </Clone>
        <Clone>
            <Fragment>
                <File>stackoverflow_formatted/22258448_0.java</File>
                <Start>5</Start>
                <End>13</End>
            </Fragment>
        </Clone>
        <Clone>
            <Fragment>
                <File>stackoverflow_formatted/20718726_0.java</File>
                <Start>9</Start>
                <End>17</End>
            </Fragment>
        </Clone>
    </CloneClass>
    <CloneClass>
    <ID>2</ID>
        <Clone>
            <Fragment>
                <File>stackoverflow_formatted/11666046_0.java</File>
                <Start>44</Start>
                <End>54</End>
            </Fragment>
        </Clone>
        <Clone>
            <Fragment>
                <File>junit-4/org/junit/experimental/categories/Categories.java</File>
                <Start>38</Start>
                <End>48</End>
            </Fragment>
        </Clone>
        <Clone>
            <Fragment>
                <File>stackoverflow_formatted/3022314_0.java</File>
                <Start>34</Start>
                <End>44</End>
            </Fragment>
        </Clone>
        <Clone>
            <Fragment>
                <File>stackoverflow_formatted/16644792_0.java</File>
                <Start>9</Start>
                <End>19</End>
            </Fragment>
        </Clone>
    </CloneClass>
    <CloneClass>
    <ID>3</ID>
        <Clone>
            <Fragment>
                <File>stackoverflow_formatted/11846666_0.java</File>
                <Start>8</Start>
                <End>18</End>
            </Fragment>
        </Clone>
        <Clone>
            <Fragment>
                <File>junit-4/org/junit/rules/Verifier.java</File>
                <Start>5</Start>
                <End>13</End>
            </Fragment>
        </Clone>
        <Clone>
            <Fragment>
                <File>stackoverflow_formatted/8234076_0.java</File>
                <Start>6</Start>
                <End>16</End>
            </Fragment>
        </Clone>
        <Clone>
            <Fragment>
                <File>stackoverflow_formatted/19831295_0.java</File>
                <Start>3</Start>
                <End>12</End>
            </Fragment>
        </Clone>
    </CloneClass>
    <CloneClass>
    <ID>4</ID>
        <Clone>
            <Fragment>
                <File>stackoverflow_formatted/17083737_0.java</File>
                <Start>20</Start>
                <End>34</End>
            </Fragment>
        </Clone>
        <Clone>
            <Fragment>
                <File>junit-4/org/junit/rules/ExternalResource.java</File>
                <Start>8</Start>
                <End>20</End>
            </Fragment>
        </Clone>
        <Clone>
            <Fragment>
                <File>stackoverflow_formatted/7504040_3.java</File>
                <Start>6</Start>
                <End>19</End>
            </Fragment>
        </Clone>
        <Clone>
            <Fragment>
                <File>stackoverflow_formatted/7504040_0.java</File>
                <Start>5</Start>
                <End>17</End>
            </Fragment>
        </Clone>
        <Clone>
            <Fragment>
                <File>stackoverflow_formatted/2769554_0.java</File>
                <Start>2</Start>
                <End>12</End>
            </Fragment>
        </Clone>
        <Clone>
            <Fragment>
                <File>stackoverflow_formatted/18113274_0.java</File>
                <Start>7</Start>
                <End>21</End>
            </Fragment>
        </Clone>
        <Clone>
            <Fragment>
                <File>junit-4/org/junit/experimental/theories/Theories.java</File>
                <Start>142</Start>
                <End>154</End>
            </Fragment>
        </Clone>
    </CloneClass>
    <CloneClass>
    <ID>5</ID>
        <Clone>
            <Fragment>
                <File>stackoverflow_formatted/24594066_1.java</File>
                <Start>18</Start>
                <End>28</End>
            </Fragment>
        </Clone>
        <Clone>
            <Fragment>
                <File>junit-4/org/junit/internal/runners/statements/RunAfters.java</File>
                <Start>23</Start>
                <End>31</End>
            </Fragment>
        </Clone>
    </CloneClass>
    <CloneClass>
    <ID>6</ID>
        <Clone>
            <Fragment>
                <File>stackoverflow_formatted/4705410_0.java</File>
                <Start>3</Start>
                <End>19</End>
            </Fragment>
        </Clone>
        <Clone>
            <Fragment>
                <File>junit-4/org/junit/runners/ParentRunner.java</File>
                <Start>151</Start>
                <End>164</End>
            </Fragment>
        </Clone>
    </CloneClass>
</CloneClasses>
